<?xml version="1.0" encoding="UTF-8"?>
<!-- Generated by org.testng.reporters.JUnitXMLReporter -->
<testsuite ignored="0" hostname="DESKTOP-PP8RICL" failures="1" tests="8" name="Test" time="102.896" errors="0" timestamp="2024-09-29T23:38:10 BDT">
  <testcase classname="testCases.TC001_AccountRegistrationTest" name="verify_account_registration" time="11.847"/>
  <testcase classname="testCases.TC002_LoginTest" name="verify_login" time="1.111"/>
  <testcase classname="testCases.TC003_LoginDDT" name="verify_LoginDTT" time="1.743"/>
  <testcase classname="testCases.TC003_LoginDDT" name="verify_LoginDTT" time="10.927"/>
  <testcase classname="testCases.TC003_LoginDDT" name="verify_LoginDTT" time="10.967"/>
  <testcase classname="testCases.TC003_LoginDDT" name="verify_LoginDTT" time="10.892"/>
  <testcase classname="testCases.TC003_LoginDDT" name="verify_LoginDTT" time="10.85"/>
  <testcase classname="testCases.TC004_SearchProductTest" name="verify_productSearch" time="10.482">
    <failure type="java.lang.AssertionError" message="samsung phone expected [true] but found [false]">
      <![CDATA[java.lang.AssertionError: samsung phone expected [true] but found [false]
at testCases.TC004_SearchProductTest.verify_productSearch(TC004_SearchProductTest.java:28)
at java.base/java.util.ArrayList.forEach(ArrayList.java:1596)
... Removed 32 stack frames]]>
    </failure>
  </testcase> <!-- verify_productSearch -->
</testsuite> <!-- Test -->
