<?xml version="1.0" encoding="UTF-8"?>
<!-- Generated by org.testng.reporters.JUnitXMLReporter -->
<testsuite ignored="0" hostname="DESKTOP-PP8RICL" failures="1" tests="7" name="Test" time="69.635" errors="0" timestamp="2024-09-19T15:38:48 BDT">
  <testcase classname="testCases.TC001_AccountRegistrationTest" name="verify_account_registration" time="1.783"/>
  <testcase classname="testCases.TC002_LoginTest" name="verify_login" time="11.249">
    <failure type="java.lang.AssertionError" message="expected [true] but found [false]">
      <![CDATA[java.lang.AssertionError: expected [true] but found [false]
at testCases.TC002_LoginTest.verify_login(TC002_LoginTest.java:30)
at java.base/java.util.ArrayList.forEach(ArrayList.java:1596)
... Removed 33 stack frames]]>
    </failure>
  </testcase> <!-- verify_login -->
  <testcase classname="testCases.TC003_LoginDDT" name="verify_LoginDTT" time="1.603"/>
  <testcase classname="testCases.TC003_LoginDDT" name="verify_LoginDTT" time="10.797"/>
  <testcase classname="testCases.TC003_LoginDDT" name="verify_LoginDTT" time="10.744"/>
  <testcase classname="testCases.TC003_LoginDDT" name="verify_LoginDTT" time="10.831"/>
  <testcase classname="testCases.TC003_LoginDDT" name="verify_LoginDTT" time="11.079"/>
</testsuite> <!-- Test -->
